SF:lib/core/error/failures.dart
DA:4,0
DA:5,0
LF:2
LH:0
end_of_record
SF:lib/core/usecases/usecases.dart
DA:11,1
DA:13,1
LF:2
LH:2
end_of_record
SF:lib/core/util/input_converter.dart
DA:6,0
DA:8,0
DA:9,0
DA:10,0
DA:12,0
DA:14,0
DA:15,0
LF:7
LH:0
end_of_record
SF:lib/features/number_trivia/domain/entities/number_trivia.dart
DA:7,1
DA:9,1
DA:11,3
LF:3
LH:3
end_of_record
SF:lib/features/number_trivia/domain/usecases/get_concrete_number_trivia.dart
DA:14,0
DA:17,0
DA:18,0
DA:25,2
DA:27,1
DA:28,2
LF:6
LH:3
end_of_record
SF:lib/features/number_trivia/domain/usecases/get_random_number_trivia.dart
DA:11,0
DA:14,0
DA:16,0
LF:3
LH:0
end_of_record
SF:lib/features/number_trivia/presentation/bloc/number_trivia_bloc.dart
DA:25,2
DA:27,1
DA:31,2
DA:32,2
DA:33,2
DA:36,1
DA:38,3
DA:39,2
DA:40,2
DA:42,1
DA:45,1
DA:47,2
DA:48,4
DA:49,2
DA:52,1
DA:53,2
DA:54,1
DA:55,1
DA:57,4
DA:58,1
DA:63,1
DA:65,1
DA:66,3
DA:67,2
DA:71,1
DA:72,1
DA:73,1
DA:75,1
LF:28
LH:28
end_of_record
SF:lib/features/number_trivia/presentation/bloc/number_trivia_event.dart
DA:4,2
DA:6,0
DA:7,0
DA:13,1
DA:15,0
DA:16,0
LF:6
LH:2
end_of_record
SF:lib/features/number_trivia/presentation/bloc/number_trivia_state.dart
DA:6,3
DA:8,1
DA:9,1
DA:19,2
DA:21,1
DA:22,2
DA:28,3
DA:30,1
DA:31,2
LF:9
LH:9
end_of_record
